#
# A fatal error has been detected by the Java Runtime Environment:
#
#  EXCEPTION_ACCESS_VIOLATION (0xc0000005) at pc=0x00000000666eed25, pid=14784, tid=0x0000000000002cf4
#
# JRE version: Java(TM) SE Runtime Environment (8.0_251-b08) (build 1.8.0_251-b08)
# Java VM: Java HotSpot(TM) 64-Bit Server VM (25.251-b08 mixed mode windows-amd64 compressed oops)
# Problematic frame:
# V  [jvm.dll+0x1bed25]
#
# Failed to write core dump. Minidumps are not enabled by default on client versions of Windows
#
# If you would like to submit a bug report, please visit:
#   http://bugreport.java.com/bugreport/crash.jsp
#

---------------  T H R E A D  ---------------

Current thread (0x000000001be28800):  VMThread [stack: 0x000000001d4e0000,0x000000001d5e0000] [id=11508]

siginfo: ExceptionCode=0xc0000005, reading address 0xffffffffffffffff

Registers:
RAX=0x01b22b000fb60000, RBX=0x000000001d5df440, RCX=0x00000000000006b7, RDX=0x0000000000000003
RSP=0x000000001d5df390, RBP=0x000000001de06d90, RSI=0x000000001bae8c68, RDI=0x000000001e31f290
R8 =0x000000001bae89e8, R9 =0x00000000025f29a0, R10=0x00000000251a0370, R11=0x00000000251a0370
R12=0x000000006665fbe0, R13=0x00000007c031cc70, R14=0x000000001bcf5400, R15=0x000000001f07a1c0
RIP=0x00000000666eed25, EFLAGS=0x0000000000010202

Top of Stack: (sp=0x000000001d5df390)
0x000000001d5df390:   000000001d5df440 000000001be7bfb0
0x000000001d5df3a0:   0000000000000000 00000000672839e1
0x000000001d5df3b0:   000000001e31f290 00000000672b8d94
0x000000001d5df3c0:   000000001be7c1f0 00000000025f29a0
0x000000001d5df3d0:   00000000022cb1f1 000000001bcf5400
0x000000001d5df3e0:   000000001bcf57d8 000000001be7bfb0
0x000000001d5df3f0:   000000001de06d90 000000001bcf57d8
0x000000001d5df400:   00000000000003d8 000000001e31f290
0x000000001d5df410:   000000001be7c1f0 00000000666efbd7
0x000000001d5df420:   000000001e31f290 000000001d5df440
0x000000001d5df430:   000000001be7bfb0 00000000667c9ae8
0x000000001d5df440:   000000006665fbe0 0000000000000000
0x000000001d5df450:   000000001be282a0 000000006677d757
0x000000001d5df460:   000000001e31f220 000000001bcf5400
0x000000001d5df470:   000000001bcf53f0 000000006674ec32
0x000000001d5df480:   000000001bcf53f0 0000000000000000 

Instructions: (pc=0x00000000666eed25)
0x00000000666eed05:   8d 44 d1 08 0f 1f 80 00 00 00 00 49 8b 30 f6 46
0x00000000666eed15:   2b 10 74 26 48 8b 46 08 0f b7 48 22 48 8b 40 08
0x00000000666eed25:   4c 39 7c c8 50 75 13 48 8b 46 08 0f b7 48 24 48
0x00000000666eed35:   8b 40 08 4c 39 4c c8 50 74 0e 49 83 e8 08 48 ff 


Register to memory mapping:

RAX=0x01b22b000fb60000 is an unknown value
RBX=0x000000001d5df440 is an unknown value
RCX=0x00000000000006b7 is an unknown value
RDX=0x0000000000000003 is an unknown value
RSP=0x000000001d5df390 is an unknown value
RBP=0x000000001de06d90 is an unknown value
RSI={method} {0x000000001bae8c70} 
[error occurred during error reporting (printing register info), id 0xc0000005]

Stack: [0x000000001d4e0000,0x000000001d5e0000],  sp=0x000000001d5df390,  free space=1020k
Native frames: (J=compiled Java code, j=interpreted, Vv=VM code, C=native code)
V  [jvm.dll+0x1bed25]
V  [jvm.dll+0x1bfbd7]
V  [jvm.dll+0x24d757]
V  [jvm.dll+0x24c9f6]
V  [jvm.dll+0x24ce91]
V  [jvm.dll+0x24d0ae]
V  [jvm.dll+0x2a001a]
C  [msvcr100.dll+0x21d9f]
C  [msvcr100.dll+0x21e3b]
C  [KERNEL32.dll+0x17034]
C  [ntdll.dll+0x52651]

VM_Operation (0x000000001e31f220): ChangeBreakpoints, mode: safepoint, requested by thread 0x000000001dae2000


---------------  P R O C E S S  ---------------

Java Threads: ( => current thread )
  0x000000001debc800 JavaThread "Service Thread" daemon [_thread_blocked, id=12164, stack(0x000000001e820000,0x000000001e920000)]
  0x000000001deb9800 JavaThread "C1 CompilerThread2" daemon [_thread_blocked, id=12436, stack(0x000000001e720000,0x000000001e820000)]
  0x000000001dd0e800 JavaThread "C2 CompilerThread1" daemon [_thread_blocked, id=15644, stack(0x000000001e620000,0x000000001e720000)]
  0x000000001deb0800 JavaThread "C2 CompilerThread0" daemon [_thread_blocked, id=11864, stack(0x000000001e520000,0x000000001e620000)]
  0x000000001dae1000 JavaThread "JDWP Command Reader" daemon [_thread_in_native, id=10264, stack(0x000000001e420000,0x000000001e520000)]
  0x000000001dae0800 JavaThread "JDWP Event Helper Thread" daemon [_thread_blocked, id=14640, stack(0x000000001e320000,0x000000001e420000)]
  0x000000001dae2000 JavaThread "JDWP Transport Listener: dt_socket" daemon [_thread_blocked, id=16396, stack(0x000000001e220000,0x000000001e320000)]
  0x000000001be6c000 JavaThread "Attach Listener" daemon [_thread_blocked, id=14580, stack(0x000000001d9e0000,0x000000001dae0000)]
  0x000000001be67800 JavaThread "Signal Dispatcher" daemon [_thread_blocked, id=15980, stack(0x000000001d8e0000,0x000000001d9e0000)]
  0x000000001be51800 JavaThread "Finalizer" daemon [_thread_blocked, id=16408, stack(0x000000001d6e0000,0x000000001d7e0000)]
  0x000000001be2a800 JavaThread "Reference Handler" daemon [_thread_blocked, id=16468, stack(0x000000001d5e0000,0x000000001d6e0000)]
  0x00000000025a5800 JavaThread "main" [_thread_blocked, id=17324, stack(0x0000000002320000,0x0000000002420000)]

Other Threads:
=>0x000000001be28800 VMThread [stack: 0x000000001d4e0000,0x000000001d5e0000] [id=11508]
  0x000000001dedd000 WatcherThread [stack: 0x000000001f120000,0x000000001f220000] [id=10556]

VM state:at safepoint (normal execution)

VM Mutex/Monitor currently owned by a thread:  ([mutex/lock_event])
[0x00000000025a2e50] Threads_lock - owner thread: 0x000000001be28800

heap address: 0x00000006c2200000, size: 4062 MB, Compressed Oops mode: Zero based, Oop shift amount: 3
Narrow klass base: 0x0000000000000000, Narrow klass shift: 3
Compressed class space size: 1073741824 Address: 0x00000007c0000000

Heap:
 PSYoungGen      total 75776K, used 49521K [0x000000076b600000, 0x0000000770a80000, 0x00000007c0000000)
  eden space 65024K, 76% used [0x000000076b600000,0x000000076e65c448,0x000000076f580000)
  from space 10752K, 0% used [0x000000076f580000,0x000000076f580000,0x0000000770000000)
  to   space 10752K, 0% used [0x0000000770000000,0x0000000770000000,0x0000000770a80000)
 ParOldGen       total 72704K, used 7094K [0x00000006c2200000, 0x00000006c6900000, 0x000000076b600000)
  object space 72704K, 9% used [0x00000006c2200000,0x00000006c28ed9b8,0x00000006c6900000)
 Metaspace       used 24359K, capacity 25167K, committed 25600K, reserved 1071104K
  class space    used 3013K, capacity 3218K, committed 3328K, reserved 1048576K

Card table byte_map: [0x0000000011a60000,0x0000000012250000] byte_map_base: 0x000000000e44f000

Marking Bits: (ParMarkBitMap*) 0x0000000066d5af90
 Begin Bits: [0x0000000012da0000, 0x0000000016d18000)
 End Bits:   [0x0000000016d18000, 0x000000001ac90000)

Polling page: 0x0000000000580000

CodeCache: size=245760Kb used=8680Kb max_used=9674Kb free=237079Kb
 bounds [0x00000000026a0000, 0x0000000003020000, 0x00000000116a0000]
 total_blobs=2638 nmethods=2139 adapters=419
 compilation: enabled

Compilation events (10 events):
Event: 9.483 Thread 0x000000001dd0e800 2375 %     4       com.sun.crypto.provider.GHASH::blockMult @ 23 (245 bytes)
Event: 9.483 Thread 0x000000001deb9800 2377       3       com.sun.mail.util.CRLFOutputStream::write (138 bytes)
Event: 9.483 Thread 0x000000001deb9800 nmethod 2377 0x0000000002b7bb50 code [0x0000000002b7bd40, 0x0000000002b7c708]
Event: 9.483 Thread 0x000000001deb9800 2376       3       com.sun.mail.util.BASE64EncoderStream::encode (376 bytes)
Event: 9.484 Thread 0x000000001deb9800 nmethod 2376 0x00000000029c9dd0 code [0x00000000029c9fa0, 0x00000000029ca930]
Event: 9.484 Thread 0x000000001deb9800 2378       3       java.io.FilterOutputStream::write (9 bytes)
Event: 9.484 Thread 0x000000001deb9800 nmethod 2378 0x000000000299f010 code [0x000000000299f180, 0x000000000299f3c8]
Event: 9.484 Thread 0x000000001deb0800 2379       4       com.sun.crypto.provider.GHASH::getLong (41 bytes)
Event: 9.486 Thread 0x000000001deb0800 nmethod 2379 0x0000000002af4fd0 code [0x0000000002af5100, 0x0000000002af52b8]
Event: 9.486 Thread 0x000000001dd0e800 nmethod 2375% 0x0000000002810650 code [0x00000000028107a0, 0x0000000002810dd8]

GC Heap History (8 events):
Event: 1.192 GC heap before
{Heap before GC invocations=1 (full 0):
 PSYoungGen      total 75776K, used 65024K [0x000000076b600000, 0x0000000770a80000, 0x00000007c0000000)
  eden space 65024K, 100% used [0x000000076b600000,0x000000076f580000,0x000000076f580000)
  from space 10752K, 0% used [0x0000000770000000,0x0000000770000000,0x0000000770a80000)
  to   space 10752K, 0% used [0x000000076f580000,0x000000076f580000,0x0000000770000000)
 ParOldGen       total 173568K, used 0K [0x00000006c2200000, 0x00000006ccb80000, 0x000000076b600000)
  object space 173568K, 0% used [0x00000006c2200000,0x00000006c2200000,0x00000006ccb80000)
 Metaspace       used 12675K, capacity 12952K, committed 13184K, reserved 1060864K
  class space    used 1471K, capacity 1580K, committed 1664K, reserved 1048576K
Event: 1.197 GC heap after
Heap after GC invocations=1 (full 0):
 PSYoungGen      total 75776K, used 6857K [0x000000076b600000, 0x0000000770a80000, 0x00000007c0000000)
  eden space 65024K, 0% used [0x000000076b600000,0x000000076b600000,0x000000076f580000)
  from space 10752K, 63% used [0x000000076f580000,0x000000076fc32550,0x0000000770000000)
  to   space 10752K, 0% used [0x0000000770000000,0x0000000770000000,0x0000000770a80000)
 ParOldGen       total 173568K, used 88K [0x00000006c2200000, 0x00000006ccb80000, 0x000000076b600000)
  object space 173568K, 0% used [0x00000006c2200000,0x00000006c2216010,0x00000006ccb80000)
 Metaspace       used 12675K, capacity 12952K, committed 13184K, reserved 1060864K
  class space    used 1471K, capacity 1580K, committed 1664K, reserved 1048576K
}
Event: 3.709 GC heap before
{Heap before GC invocations=2 (full 0):
 PSYoungGen      total 75776K, used 71881K [0x000000076b600000, 0x0000000770a80000, 0x00000007c0000000)
  eden space 65024K, 100% used [0x000000076b600000,0x000000076f580000,0x000000076f580000)
  from space 10752K, 63% used [0x000000076f580000,0x000000076fc32550,0x0000000770000000)
  to   space 10752K, 0% used [0x0000000770000000,0x0000000770000000,0x0000000770a80000)
 ParOldGen       total 173568K, used 88K [0x00000006c2200000, 0x00000006ccb80000, 0x000000076b600000)
  object space 173568K, 0% used [0x00000006c2200000,0x00000006c2216010,0x00000006ccb80000)
 Metaspace       used 17832K, capacity 18570K, committed 18816K, reserved 1064960K
  class space    used 2189K, capacity 2361K, committed 2432K, reserved 1048576K
Event: 3.715 GC heap after
Heap after GC invocations=2 (full 0):
 PSYoungGen      total 75776K, used 7475K [0x000000076b600000, 0x0000000770a80000, 0x00000007c0000000)
  eden space 65024K, 0% used [0x000000076b600000,0x000000076b600000,0x000000076f580000)
  from space 10752K, 69% used [0x0000000770000000,0x000000077074cde0,0x0000000770a80000)
  to   space 10752K, 0% used [0x000000076f580000,0x000000076f580000,0x0000000770000000)
 ParOldGen       total 173568K, used 96K [0x00000006c2200000, 0x00000006ccb80000, 0x000000076b600000)
  object space 173568K, 0% used [0x00000006c2200000,0x00000006c2218010,0x00000006ccb80000)
 Metaspace       used 17832K, capacity 18570K, committed 18816K, reserved 1064960K
  class space    used 2189K, capacity 2361K, committed 2432K, reserved 1048576K
}
Event: 5.211 GC heap before
{Heap before GC invocations=3 (full 0):
 PSYoungGen      total 75776K, used 47694K [0x000000076b600000, 0x0000000770a80000, 0x00000007c0000000)
  eden space 65024K, 61% used [0x000000076b600000,0x000000076dd46e18,0x000000076f580000)
  from space 10752K, 69% used [0x0000000770000000,0x000000077074cde0,0x0000000770a80000)
  to   space 10752K, 0% used [0x000000076f580000,0x000000076f580000,0x0000000770000000)
 ParOldGen       total 173568K, used 96K [0x00000006c2200000, 0x00000006ccb80000, 0x000000076b600000)
  object space 173568K, 0% used [0x00000006c2200000,0x00000006c2218010,0x00000006ccb80000)
 Metaspace       used 20302K, capacity 21128K, committed 21248K, reserved 1067008K
  class space    used 2517K, capacity 2758K, committed 2816K, reserved 1048576K
Event: 5.216 GC heap after
Heap after GC invocations=3 (full 0):
 PSYoungGen      total 75776K, used 7227K [0x000000076b600000, 0x0000000770a80000, 0x00000007c0000000)
  eden space 65024K, 0% used [0x000000076b600000,0x000000076b600000,0x000000076f580000)
  from space 10752K, 67% used [0x000000076f580000,0x000000076fc8ef28,0x0000000770000000)
  to   space 10752K, 0% used [0x0000000770000000,0x0000000770000000,0x0000000770a80000)
 ParOldGen       total 173568K, used 104K [0x00000006c2200000, 0x00000006ccb80000, 0x000000076b600000)
  object space 173568K, 0% used [0x00000006c2200000,0x00000006c221a010,0x00000006ccb80000)
 Metaspace       used 20302K, capacity 21128K, committed 21248K, reserved 1067008K
  class space    used 2517K, capacity 2758K, committed 2816K, reserved 1048576K
}
Event: 5.216 GC heap before
{Heap before GC invocations=4 (full 1):
 PSYoungGen      total 75776K, used 7227K [0x000000076b600000, 0x0000000770a80000, 0x00000007c0000000)
  eden space 65024K, 0% used [0x000000076b600000,0x000000076b600000,0x000000076f580000)
  from space 10752K, 67% used [0x000000076f580000,0x000000076fc8ef28,0x0000000770000000)
  to   space 10752K, 0% used [0x0000000770000000,0x0000000770000000,0x0000000770a80000)
 ParOldGen       total 173568K, used 104K [0x00000006c2200000, 0x00000006ccb80000, 0x000000076b600000)
  object space 173568K, 0% used [0x00000006c2200000,0x00000006c221a010,0x00000006ccb80000)
 Metaspace       used 20302K, capacity 21128K, committed 21248K, reserved 1067008K
  class space    used 2517K, capacity 2758K, committed 2816K, reserved 1048576K
Event: 5.237 GC heap after
Heap after GC invocations=4 (full 1):
 PSYoungGen      total 75776K, used 0K [0x000000076b600000, 0x0000000770a80000, 0x00000007c0000000)
  eden space 65024K, 0% used [0x000000076b600000,0x000000076b600000,0x000000076f580000)
  from space 10752K, 0% used [0x000000076f580000,0x000000076f580000,0x0000000770000000)
  to   space 10752K, 0% used [0x0000000770000000,0x0000000770000000,0x0000000770a80000)
 ParOldGen       total 72704K, used 7094K [0x00000006c2200000, 0x00000006c6900000, 0x000000076b600000)
  object space 72704K, 9% used [0x00000006c2200000,0x00000006c28ed9b8,0x00000006c6900000)
 Metaspace       used 20302K, capacity 21128K, committed 21248K, reserved 1067008K
  class space    used 2517K, capacity 2758K, committed 2816K, reserved 1048576K
}

Deoptimization events (10 events):
Event: 7.093 Thread 0x00000000025a5800 Uncommon trap: reason=unstable_if action=reinterpret pc=0x00000000028ee594 method=java.lang.AbstractStringBuilder.append(Ljava/lang/String;)Ljava/lang/AbstractStringBuilder; @ 1
Event: 7.104 Thread 0x00000000025a5800 Uncommon trap: reason=unstable_if action=reinterpret pc=0x0000000002de23f8 method=java.util.regex.Pattern$Slice.match(Ljava/util/regex/Matcher;ILjava/lang/CharSequence;)Z @ 54
Event: 7.241 Thread 0x00000000025a5800 Uncommon trap: reason=unstable_if action=reinterpret pc=0x0000000002b97e20 method=java.util.Arrays.equals([B[B)Z @ 12
Event: 8.674 Thread 0x00000000025a5800 Uncommon trap: reason=unhandled action=none pc=0x000000000287e7e4 method=java.net.URLClassLoader.findClass(Ljava/lang/String;)Ljava/lang/Class; @ 44
Event: 9.477 Thread 0x00000000025a5800 Uncommon trap: reason=unhandled action=none pc=0x000000000287e7e4 method=java.net.URLClassLoader.findClass(Ljava/lang/String;)Ljava/lang/Class; @ 44
Event: 9.478 Thread 0x00000000025a5800 Uncommon trap: reason=unhandled action=none pc=0x000000000287e7e4 method=java.net.URLClassLoader.findClass(Ljava/lang/String;)Ljava/lang/Class; @ 44
Event: 9.478 Thread 0x00000000025a5800 Uncommon trap: reason=unhandled action=none pc=0x000000000287e7e4 method=java.net.URLClassLoader.findClass(Ljava/lang/String;)Ljava/lang/Class; @ 44
Event: 9.479 Thread 0x00000000025a5800 Uncommon trap: reason=unhandled action=none pc=0x000000000287e7e4 method=java.net.URLClassLoader.findClass(Ljava/lang/String;)Ljava/lang/Class; @ 44
Event: 9.479 Thread 0x00000000025a5800 Uncommon trap: reason=unhandled action=none pc=0x000000000287e7e4 method=java.net.URLClassLoader.findClass(Ljava/lang/String;)Ljava/lang/Class; @ 44
Event: 9.479 Thread 0x00000000025a5800 Uncommon trap: reason=unhandled action=none pc=0x000000000287e7e4 method=java.net.URLClassLoader.findClass(Ljava/lang/String;)Ljava/lang/Class; @ 44

Classes redefined (10 events):
Event: 103879.967 Thread 0x000000001be28800 redefined class name=testcases.ZipAndSendMail, count=37
Event: 104151.619 Thread 0x000000001be28800 redefined class name=testcases.ZipAndSendMail, count=38
Event: 105052.196 Thread 0x000000001be28800 redefined class name=testcases.ZipAndSendMail, count=39
Event: 105086.011 Thread 0x000000001be28800 redefined class name=testcases.ZipAndSendMail, count=40
Event: 105090.634 Thread 0x000000001be28800 redefined class name=testcases.ZipAndSendMail, count=41
Event: 105111.042 Thread 0x000000001be28800 redefined class name=testcases.ZipAndSendMail, count=42
Event: 105207.358 Thread 0x000000001be28800 redefined class name=testcases.ZipAndSendMail, count=43
Event: 105212.243 Thread 0x000000001be28800 redefined class name=testcases.ZipAndSendMail, count=44
Event: 105293.553 Thread 0x000000001be28800 redefined class name=testcases.ZipAndSendMail, count=45
Event: 105537.942 Thread 0x000000001be28800 redefined class name=testcases.ZipAndSendMail, count=46

Internal exceptions (10 events):
Event: 5.454 Thread 0x00000000025a5800 Exception <a 'java/lang/ArrayIndexOutOfBoundsException'> (0x000000076ce89368) thrown at [C:\jenkins\workspace\8-2-build-windows-amd64-cygwin\jdk8u251\737\hotspot\src\share\vm\runtime\sharedRuntime.cpp, line 605]
Event: 5.454 Thread 0x00000000025a5800 Exception <a 'java/lang/ArrayIndexOutOfBoundsException'> (0x000000076ce8b600) thrown at [C:\jenkins\workspace\8-2-build-windows-amd64-cygwin\jdk8u251\737\hotspot\src\share\vm\runtime\sharedRuntime.cpp, line 605]
Event: 5.493 Thread 0x00000000025a5800 Exception <a 'java/net/SocketTimeoutException': Read timed out> (0x000000076cf29c70) thrown at [C:\jenkins\workspace\8-2-build-windows-amd64-cygwin\jdk8u251\737\hotspot\src\share\vm\prims\jni.cpp, line 736]
Event: 6.170 Thread 0x000000001fb2e000 Exception <a 'java/net/SocketTimeoutException': connect timed out> (0x000000076d056ca8) thrown at [C:\jenkins\workspace\8-2-build-windows-amd64-cygwin\jdk8u251\737\hotspot\src\share\vm\prims\jni.cpp, line 736]
Event: 6.204 Thread 0x00000000025a5800 Exception <a 'java/io/FileNotFoundException'> (0x000000076d235690) thrown at [C:\jenkins\workspace\8-2-build-windows-amd64-cygwin\jdk8u251\737\hotspot\src\share\vm\prims\jni.cpp, line 710]
Event: 6.250 Thread 0x00000000025a5800 Implicit null exception at 0x00000000028fc199 to 0x00000000028fc689
Event: 7.093 Thread 0x00000000025a5800 Implicit null exception at 0x00000000028ee0d4 to 0x00000000028ee57d
Event: 7.241 Thread 0x00000000025a5800 Implicit null exception at 0x0000000002b97cd8 to 0x0000000002b97e0d
Event: 9.475 Thread 0x00000000025a5800 Exception <a 'java/io/FileNotFoundException'> (0x000000076e2301a8) thrown at [C:\jenkins\workspace\8-2-build-windows-amd64-cygwin\jdk8u251\737\hotspot\src\share\vm\prims\jni.cpp, line 710]
Event: 9.475 Thread 0x00000000025a5800 Exception <a 'java/io/FileNotFoundException'> (0x000000076e230db8) thrown at [C:\jenkins\workspace\8-2-build-windows-amd64-cygwin\jdk8u251\737\hotspot\src\share\vm\prims\jni.cpp, line 710]

Events (10 events):
Event: 105320.584 Executing VM operation: GetOwnedMonitorInfo done
Event: 105320.593 Executing VM operation: GetCurrentContendedMonitor
Event: 105320.593 Executing VM operation: GetCurrentContendedMonitor done
Event: 105320.593 Executing VM operation: GetOwnedMonitorInfo
Event: 105320.593 Executing VM operation: GetOwnedMonitorInfo done
Event: 105537.932 Executing VM operation: RedefineClasses
Event: 105537.942 Executing VM operation: RedefineClasses done
Event: 105537.947 Executing VM operation: ChangeBreakpoints
Event: 105537.948 Executing VM operation: ChangeBreakpoints done
Event: 105537.953 Executing VM operation: ChangeBreakpoints


Dynamic libraries:
0x00007ff60f850000 - 0x00007ff60f887000 	C:\Program Files\Java\jre1.8.0_251\bin\javaw.exe
0x00007ff9d4ff0000 - 0x00007ff9d51e5000 	C:\WINDOWS\SYSTEM32\ntdll.dll
0x00007ff9d3e70000 - 0x00007ff9d3f2d000 	C:\WINDOWS\System32\KERNEL32.dll
0x00007ff9d23c0000 - 0x00007ff9d24d9000 	C:\Windows\system32\hmpalert.dll
0x00007ff9d2730000 - 0x00007ff9d29f9000 	C:\WINDOWS\System32\KERNELBASE.dll
0x00007ff9d4290000 - 0x00007ff9d433c000 	C:\WINDOWS\System32\ADVAPI32.dll
0x00007ff9d4d70000 - 0x00007ff9d4e0e000 	C:\WINDOWS\System32\msvcrt.dll
0x00007ff9d3290000 - 0x00007ff9d332c000 	C:\WINDOWS\System32\sechost.dll
0x00007ff9d4160000 - 0x00007ff9d428b000 	C:\WINDOWS\System32\RPCRT4.dll
0x00007ff9d4e10000 - 0x00007ff9d4fb0000 	C:\WINDOWS\System32\USER32.dll
0x00007ff9d2ed0000 - 0x00007ff9d2ef2000 	C:\WINDOWS\System32\win32u.dll
0x00007ff9d3f30000 - 0x00007ff9d3f5a000 	C:\WINDOWS\System32\GDI32.dll
0x00007ff9d2b20000 - 0x00007ff9d2c2b000 	C:\WINDOWS\System32\gdi32full.dll
0x00007ff9d2a80000 - 0x00007ff9d2b1d000 	C:\WINDOWS\System32\msvcp_win.dll
0x00007ff9d2f50000 - 0x00007ff9d3050000 	C:\WINDOWS\System32\ucrtbase.dll
0x00007ff9c2380000 - 0x00007ff9c261a000 	C:\WINDOWS\WinSxS\amd64_microsoft.windows.common-controls_6595b64144ccf1df_6.0.19041.844_none_ca00b6081b84eb1d\COMCTL32.dll
0x00007ff9d3130000 - 0x00007ff9d3160000 	C:\WINDOWS\System32\IMM32.DLL
0x0000000067250000 - 0x0000000067322000 	C:\Program Files\Java\jre1.8.0_251\bin\msvcr100.dll
0x0000000066530000 - 0x0000000066ddb000 	C:\Program Files\Java\jre1.8.0_251\bin\server\jvm.dll
0x00007ff9d3f60000 - 0x00007ff9d3f68000 	C:\WINDOWS\System32\PSAPI.DLL
0x00007ff9c5af0000 - 0x00007ff9c5af9000 	C:\WINDOWS\SYSTEM32\WSOCK32.dll
0x00007ff9c5f50000 - 0x00007ff9c5f77000 	C:\WINDOWS\SYSTEM32\WINMM.dll
0x00007ff9cebd0000 - 0x00007ff9cebda000 	C:\WINDOWS\SYSTEM32\VERSION.dll
0x00007ff9d4c50000 - 0x00007ff9d4cbb000 	C:\WINDOWS\System32\WS2_32.dll
0x00007ff9cbeb0000 - 0x00007ff9cbebf000 	C:\Program Files\Java\jre1.8.0_251\bin\verify.dll
0x00007ff9aba10000 - 0x00007ff9aba39000 	C:\Program Files\Java\jre1.8.0_251\bin\java.dll
0x00007ff9a7f70000 - 0x00007ff9a7fa5000 	C:\Program Files\Java\jre1.8.0_251\bin\jdwp.dll
0x00007ff9adb70000 - 0x00007ff9adb78000 	C:\Program Files\Java\jre1.8.0_251\bin\npt.dll
0x00007ff9a7ea0000 - 0x00007ff9a7ec3000 	C:\Program Files\Java\jre1.8.0_251\bin\instrument.dll
0x00007ff9c6e20000 - 0x00007ff9c6e36000 	C:\Program Files\Java\jre1.8.0_251\bin\zip.dll
0x00007ff9d3330000 - 0x00007ff9d3a72000 	C:\WINDOWS\System32\SHELL32.dll
0x00007ff9d0790000 - 0x00007ff9d0f20000 	C:\WINDOWS\SYSTEM32\windows.storage.dll
0x00007ff9d3b10000 - 0x00007ff9d3e65000 	C:\WINDOWS\System32\combase.dll
0x00007ff9d2010000 - 0x00007ff9d203c000 	C:\WINDOWS\SYSTEM32\Wldp.dll
0x00007ff9d4cc0000 - 0x00007ff9d4d6e000 	C:\WINDOWS\System32\SHCORE.dll
0x00007ff9d4b90000 - 0x00007ff9d4be5000 	C:\WINDOWS\System32\shlwapi.dll
0x00007ff9d2670000 - 0x00007ff9d268f000 	C:\WINDOWS\SYSTEM32\profapi.dll
0x00007ff9adb10000 - 0x00007ff9adb19000 	C:\Program Files\Java\jre1.8.0_251\bin\dt_socket.dll
0x00007ff9ca650000 - 0x00007ff9ca667000 	C:\WINDOWS\system32\napinsp.dll
0x00007ff9ca6c0000 - 0x00007ff9ca6db000 	C:\WINDOWS\system32\pnrpnsp.dll
0x00007ff9ca670000 - 0x00007ff9ca685000 	C:\WINDOWS\system32\wshbth.dll
0x00007ff9ccdb0000 - 0x00007ff9ccdcd000 	C:\WINDOWS\system32\NLAapi.dll
0x00007ff9d1a20000 - 0x00007ff9d1a5b000 	C:\WINDOWS\SYSTEM32\IPHLPAPI.DLL
0x00007ff9d1d30000 - 0x00007ff9d1d9a000 	C:\WINDOWS\System32\mswsock.dll
0x00007ff9d1a70000 - 0x00007ff9d1b3b000 	C:\WINDOWS\SYSTEM32\DNSAPI.dll
0x00007ff9d3f70000 - 0x00007ff9d3f78000 	C:\WINDOWS\System32\NSI.dll
0x00007ff9ca6e0000 - 0x00007ff9ca6f2000 	C:\WINDOWS\System32\winrnr.dll
0x00007ff9ceb50000 - 0x00007ff9cebcf000 	C:\WINDOWS\System32\fwpuclnt.dll
0x00007ff9d2c90000 - 0x00007ff9d2cb7000 	C:\WINDOWS\System32\bcrypt.dll
0x00007ff9ccf20000 - 0x00007ff9ccf2a000 	C:\Windows\System32\rasadhlp.dll
0x00007ff9d1f00000 - 0x00007ff9d1f18000 	C:\WINDOWS\SYSTEM32\CRYPTSP.dll
0x00007ff9d16d0000 - 0x00007ff9d1704000 	C:\WINDOWS\system32\rsaenh.dll
0x00007ff9d2630000 - 0x00007ff9d265e000 	C:\WINDOWS\SYSTEM32\USERENV.dll
0x00007ff9d2a00000 - 0x00007ff9d2a80000 	C:\WINDOWS\System32\bcryptprimitives.dll
0x00007ff9d1f20000 - 0x00007ff9d1f2c000 	C:\WINDOWS\SYSTEM32\CRYPTBASE.dll
0x00007ff9abe80000 - 0x00007ff9abe9a000 	C:\Program Files\Java\jre1.8.0_251\bin\net.dll
0x00007ff9cf2b0000 - 0x00007ff9cf2c7000 	C:\WINDOWS\SYSTEM32\dhcpcsvc6.DLL
0x00007ff9cf290000 - 0x00007ff9cf2ad000 	C:\WINDOWS\SYSTEM32\dhcpcsvc.DLL
0x00007ff9abd90000 - 0x00007ff9abda2000 	C:\Program Files\Java\jre1.8.0_251\bin\nio.dll
0x00007ff9a2f60000 - 0x00007ff9a2f84000 	C:\Program Files\Java\jre1.8.0_251\bin\sunec.dll
0x00007ff9c54b0000 - 0x00007ff9c54bc000 	C:\Program Files\Java\jre1.8.0_251\bin\sunmscapi.dll
0x00007ff9d2cc0000 - 0x00007ff9d2e1f000 	C:\WINDOWS\System32\CRYPT32.dll
0x00007ff9d2080000 - 0x00007ff9d20a7000 	C:\WINDOWS\SYSTEM32\ncrypt.dll
0x00007ff9d2040000 - 0x00007ff9d207b000 	C:\WINDOWS\SYSTEM32\NTASN1.dll
0x00007ff9d1250000 - 0x00007ff9d1283000 	C:\WINDOWS\SYSTEM32\ntmarta.dll
0x00007ff9c9ca0000 - 0x00007ff9c9e84000 	C:\WINDOWS\SYSTEM32\dbghelp.dll

VM Arguments:
jvm_args: -agentlib:jdwp=transport=dt_socket,suspend=y,address=localhost:64709 -javaagent:C:\Users\wesley\Desktop\eclipse-jee-photon-R-win32-x86_64\eclipse\configuration\org.eclipse.osgi\418\0\.cp\lib\javaagent-shaded.jar -Dfile.encoding=UTF-8 
java_command: testcases.TestNGRunner
java_class_path (initial): C:\Program Files\Java\jre1.8.0_251\lib\resources.jar;C:\Program Files\Java\jre1.8.0_251\lib\rt.jar;C:\Program Files\Java\jre1.8.0_251\lib\jsse.jar;C:\Program Files\Java\jre1.8.0_251\lib\jce.jar;C:\Program Files\Java\jre1.8.0_251\lib\charsets.jar;C:\Program Files\Java\jre1.8.0_251\lib\jfr.jar;C:\Program Files\Java\jre1.8.0_251\lib\ext\access-bridge-64.jar;C:\Program Files\Java\jre1.8.0_251\lib\ext\cldrdata.jar;C:\Program Files\Java\jre1.8.0_251\lib\ext\dnsns.jar;C:\Program Files\Java\jre1.8.0_251\lib\ext\jaccess.jar;C:\Program Files\Java\jre1.8.0_251\lib\ext\jfxrt.jar;C:\Program Files\Java\jre1.8.0_251\lib\ext\localedata.jar;C:\Program Files\Java\jre1.8.0_251\lib\ext\nashorn.jar;C:\Program Files\Java\jre1.8.0_251\lib\ext\sunec.jar;C:\Program Files\Java\jre1.8.0_251\lib\ext\sunjce_provider.jar;C:\Program Files\Java\jre1.8.0_251\lib\ext\sunmscapi.jar;C:\Program Files\Java\jre1.8.0_251\lib\ext\sunpkcs11.jar;C:\Program Files\Java\jre1.8.0_251\lib\ext\zipfs.jar;C:\Users\wesley\eclipse-workspace\B2B_Routines\target\test-classes;C:\Users\wesley\eclipse-workspace\B2B_Routines\target\classes;C:\Users\wesley\.m2\repository\com\aventstack\extentreports\5.0.1\extentreports-5.0.1.jar;C:\Users\wesley\.m2\repository\io\reactivex\rxjava3\rxjava\3.0.4\rxjava-3.0.4.jar;C:\Users\wesley\.m2\repository\org\reactivestreams\reactive-streams\1.0.3\reactive-streams-1.0.3.jar;C:\Users\wesley\.m2\repository\org\freemarker\freemarker\2.3.30\freemarker-2.3.30.jar;C:\Users\wesley\.m2\repository\org\projectlombok\lombok\1.18.12\lombok-1.18.12.jar;C:\Users\wesley\.m2\repository\com\google\code\gson\gson\2.8.6\gson-2.8.6.jar;C:\Users\wesley\.m2\repository\org\testng\testng\6.14.3\testng-6.14.3.jar;C:\Users\wesley\.m2\repository\com\beust\jcommander\1.72\jcommander-1.72.jar;C:\Users\wesley\.m2\repository\org\apache-extras\beanshell\bsh\2.0b6\bsh-2.0b6.jar;C:\Users\wesley\.m2\repository\org\seleniumhq\selenium\selenium-java\3.141.59\selenium-java-3.141.59.jar;C:\Users\wesl
Launcher Type: SUN_STANDARD

Environment Variables:
JAVA_HOME=C:\Program Files\Java\jdk1.8.0_191
PATH=C:/Program Files/Java/jre1.8.0_251/bin/server;C:/Program Files/Java/jre1.8.0_251/bin;C:/Program Files/Java/jre1.8.0_251/lib/amd64;C:\Program Files (x86)\Common Files\Oracle\Java\javapath;C:\Program Files (x86)\Intel\Intel(R) Management Engine Components\iCLS\;C:\Program Files\Intel\Intel(R) Management Engine Components\iCLS\;C:\WINDOWS\system32;C:\WINDOWS;C:\WINDOWS\System32\Wbem;C:\WINDOWS\System32\WindowsPowerShell\v1.0\;C:\WINDOWS\System32\OpenSSH\;C:\Program Files (x86)\Intel\Intel(R) Management Engine Components\DAL;C:\Program Files\Intel\Intel(R) Management Engine Components\DAL;C:\Program Files (x86)\Intel\Intel(R) Management Engine Components\IPT;C:\Program Files\Intel\Intel(R) Management Engine Components\IPT;C:\Program Files\Microsoft SQL Server\120\DTS\Binn\;C:\Program Files\Microsoft SQL Server\Client SDK\ODBC\110\Tools\Binn\;C:\Program Files (x86)\Microsoft SQL Server\120\Tools\Binn\;C:\Program Files\Microsoft SQL Server\120\Tools\Binn\;C:\Program Files (x86)\Microsoft SQL Server\120\Tools\Binn\ManagementStudio\;C:\Program Files (x86)\Microsoft SQL Server\120\DTS\Binn\;C:\Users\wesley\Desktop\Softwares\apache-maven\apache-maven-3.6.0\bin;C:\strawberry\c\bin;C:\strawberry\perl\bin;C:\Program Files\Java\jdk1.8.0_191\bin;C:\Program Files\Java\jdk1.8.0_191\bin;C:\Users\wesley\AppData\Local\Microsoft\WindowsApps;;C:\Users\wesley\AppData\Local\Programs\Fiddler;%USERPROFILE%\AppData\Local\Microsoft\WindowsApps;C:\Users\wesley\Desktop\eclipse-jee-photon-R-win32-x86_64\eclipse;
USERNAME=wesley
OS=Windows_NT
PROCESSOR_IDENTIFIER=Intel64 Family 6 Model 158 Stepping 10, GenuineIntel



---------------  S Y S T E M  ---------------

OS: Windows 10.0 , 64 bit Build 19041 (10.0.19041.804)

CPU:total 6 (initial active 6) (6 cores per cpu, 1 threads per core) family 6 model 158 stepping 10, cmov, cx8, fxsr, mmx, sse, sse2, sse3, ssse3, sse4.1, sse4.2, popcnt, avx, avx2, aes, clmul, erms, rtm, 3dnowpref, lzcnt, tsc, tscinvbit, bmi1, bmi2, adx

Memory: 4k page, physical 16633112k(7353988k free), swap 19778840k(5732824k free)

vm_info: Java HotSpot(TM) 64-Bit Server VM (25.251-b08) for windows-amd64 JRE (1.8.0_251-b08), built on Mar 12 2020 06:31:49 by "" with MS VC++ 10.0 (VS2010)

time: Thu Mar 11 18:52:04 2021
timezone: India Standard Time
elapsed time: 105538 seconds (1d 5h 18m 58s)

